duplicate case: DX_female/1.3.51.20161016011649.103212336.49257173/I00000011400.dcm
duplicate case: DX_female/1.3.51.20161021233006.103232196.49613864/I00000012544.dcm
duplicate case: DX_female/1.3.51.20161019150734.103224839.49597405/I00000012156.dcm
duplicate case: DX_female/1.3.51.20161017152141.103216951.49263734/I00000011609.dcm
duplicate case: DX_male/1.3.51.20161021082556.103229358.49605893/I00000010808.dcm
duplicate case: DX_male/1.3.51.20161024112718.103236514.49620034/I00000010883.dcm
duplicate case: DX_male/1.3.51.20161022091838.103232429.49614224/I00000010684.dcm
duplicate case: DX_male/1.3.51.20161021095225.103230183.49607230/I00000010903.dcm
duplicate case: DX_male/1.3.51.20161021145123.103231300.49609168/I00000010906.dcm
duplicate case: DX_male/1.3.51.20161023220503.103233924.49616173/I00000010741.dcm
duplicate case: DX_male/1.3.51.20161020173524.103228925.49604964/I00000010539.dcm
duplicate case: DX_male/1.3.51.20161013101432.103206380.49246552/I00000009591.dcm
duplicate case: DX_male/1.3.51.20161016160312.103213151.49258042/I00000009869.dcm
duplicate case: DX_male/1.3.51.20161016190821.103213250.49258138/I00000009874.dcm
duplicate case: DX_male/1.3.51.20161013144548.103207520.49248540/I00000009886.dcm
duplicate case: DX_male/1.3.51.20161017151225.103216866.49263636/I00000009974.dcm
duplicate case: DX_male/1.3.51.20161018151548.103221231.49331063/I00000010233.dcm
duplicate case: DX_male/1.3.51.20161019101229.103223540.49595013/I00000010353.dcm
duplicate case: DX_female/1.3.51.20161026104211.103244255.49633918/I00000013181.dcm
duplicate case: DX_female/1.3.51.20161026112732.103244553.49634478/I00000013190.dcm
duplicate case: DX_female/1.3.51.20161026154611.103245524.49636401/I00000013223.dcm
duplicate case: DX_male/1.3.51.20161025103710.103240489.49626962
duplicate case: DX_male/1.3.51.20161013093129.103205839.49245755
===================================================
number of total samples finally: 1591
number of confict samples finally: 0
number of duplicate samples finally: 23
---------------------------------------------------
number of male samples: 794
number of female samples: 797
number of positive samples: 496
number of negative samples: 1095
===================================================
